<?xml version="1.0" encoding="UTF-8"?>
  <testsuite tests="2" failures="0" time="0.147400623">
      <testcase name="PostgresMigration Test For Create with example_up" classname="e2e Suite" time="0.073868416"></testcase>
      <testcase name="PostgresMigration Test For Delete with example_down" classname="e2e Suite" time="0.073335029"></testcase>
  </testsuite>